<?xml version="1.0" encoding="UTF-8"?>
<testng-results ignored="0" total="1" passed="1" failed="0" skipped="0">
  <reporter-output>
  </reporter-output>
  <suite started-at="2024-01-09T16:39:51 IST" name="Default suite" finished-at="2024-01-09T16:40:00 IST" duration-ms="8533">
    <groups>
    </groups>
    <test started-at="2024-01-09T16:39:51 IST" name="Default test" finished-at="2024-01-09T16:40:00 IST" duration-ms="8533">
      <class name="Saurabhextentreport.ExtentReports.ExtentReportsDemo">
        <test-method is-config="true" signature="extentReportConfig()[pri:0, instance:Saurabhextentreport.ExtentReports.ExtentReportsDemo@2c1b194a]" started-at="2024-01-09T16:39:51 IST" name="extentReportConfig" finished-at="2024-01-09T16:39:51 IST" duration-ms="273" status="PASS">
          <reporter-output>
          </reporter-output>
        </test-method> <!-- extentReportConfig -->
        <test-method signature="initialDemo()[pri:0, instance:Saurabhextentreport.ExtentReports.ExtentReportsDemo@2c1b194a]" started-at="2024-01-09T16:39:51 IST" name="initialDemo" finished-at="2024-01-09T16:40:00 IST" duration-ms="8224" status="PASS">
          <reporter-output>
          </reporter-output>
        </test-method> <!-- initialDemo -->
      </class> <!-- Saurabhextentreport.ExtentReports.ExtentReportsDemo -->
    </test> <!-- Default test -->
  </suite> <!-- Default suite -->
</testng-results>
